  BFSPathfinder.cpp
  DepthFirstPathfinder.cpp
  GameManager.cpp
C:\Users\robin\Desktop\Perso\Travail\ProjetsPerso\MazeBot\MazeBot\MazeBot\GameManager.cpp(3,186): warning C4244: 'argument' : conversion de 'const int' en 'T', perte possible de données
C:\Users\robin\Desktop\Perso\Travail\ProjetsPerso\MazeBot\MazeBot\MazeBot\GameManager.cpp(3,186): warning C4244:         with
C:\Users\robin\Desktop\Perso\Travail\ProjetsPerso\MazeBot\MazeBot\MazeBot\GameManager.cpp(3,186): warning C4244:         [
C:\Users\robin\Desktop\Perso\Travail\ProjetsPerso\MazeBot\MazeBot\MazeBot\GameManager.cpp(3,186): warning C4244:             T=float
C:\Users\robin\Desktop\Perso\Travail\ProjetsPerso\MazeBot\MazeBot\MazeBot\GameManager.cpp(3,186): warning C4244:         ]
C:\Users\robin\Desktop\Perso\Travail\ProjetsPerso\MazeBot\MazeBot\MazeBot\GameManager.cpp(3,167): warning C4244: 'argument' : conversion de 'const int' en 'T', perte possible de données
C:\Users\robin\Desktop\Perso\Travail\ProjetsPerso\MazeBot\MazeBot\MazeBot\GameManager.cpp(3,167): warning C4244:         with
C:\Users\robin\Desktop\Perso\Travail\ProjetsPerso\MazeBot\MazeBot\MazeBot\GameManager.cpp(3,167): warning C4244:         [
C:\Users\robin\Desktop\Perso\Travail\ProjetsPerso\MazeBot\MazeBot\MazeBot\GameManager.cpp(3,167): warning C4244:             T=float
C:\Users\robin\Desktop\Perso\Travail\ProjetsPerso\MazeBot\MazeBot\MazeBot\GameManager.cpp(3,167): warning C4244:         ]
C:\Users\robin\Desktop\Perso\Travail\ProjetsPerso\MazeBot\MazeBot\MazeBot\GameManager.cpp(38,13): warning C4244: 'initialisation' : conversion de 'int' en 'float', perte possible de données
C:\Users\robin\Desktop\Perso\Travail\ProjetsPerso\MazeBot\MazeBot\MazeBot\GameManager.cpp(39,13): warning C4244: 'initialisation' : conversion de 'int' en 'float', perte possible de données
  main.cpp
C:\Program Files\Microsoft Visual Studio\2022\Community\VC\Tools\MSVC\14.38.33130\include\filesystem(12): warning STL4038: The contents of <filesystem> are available only with C++17 or later.
C:\Users\robin\Desktop\Perso\Travail\ProjetsPerso\MazeBot\MazeBot\MazeBot\InputListener.h(11,56): warning C4227: anachronisme utilisé : qualificateurs de référence ignorés
  (compiler le fichier source 'main.cpp')
  
C:\Users\robin\Desktop\Perso\Travail\ProjetsPerso\MazeBot\MazeBot\MazeBot\InputListener.h(16,2): warning C4091: 'static ' : ignoré à gauche de 'InputListener' quand aucune variable n'est déclarée
  (compiler le fichier source 'main.cpp')
  
  Pathfinder.cpp
  Génération de code en cours...
  MazeBot.vcxproj -> C:\Users\robin\Desktop\Perso\Travail\ProjetsPerso\MazeBot\MazeBot\x64\Debug\MazeBot.exe
